0 info it worked if it ends with ok
1 verbose cli [ 'C:\\Users\\GEMMA\\ProgramasBootcamp\\node.exe',
1 verbose cli   'C:\\Users\\GEMMA\\ProgramasBootcamp\\node_modules\\npm\\bin\\npm-cli.js',
1 verbose cli   'start' ]
2 info using npm@3.10.10
3 info using node@v6.11.4
4 verbose run-script [ 'prestart', 'start', 'poststart' ]
5 info lifecycle app@1.0.0~prestart: app@1.0.0
6 silly lifecycle app@1.0.0~prestart: no script for prestart, continuing
7 info lifecycle app@1.0.0~start: app@1.0.0
8 verbose lifecycle app@1.0.0~start: unsafe-perm in lifecycle true
9 verbose lifecycle app@1.0.0~start: PATH: C:\Users\GEMMA\ProgramasBootcamp\node_modules\npm\bin\node-gyp-bin;C:\Users\GEMMA\Desktop\SocialBeats\server\app\node_modules\.bin;C:\Users\GEMMA\Desktop\Cmder folders\bin;C:\Users\GEMMA\Desktop\Cmder folders\vendor\conemu-maximus5\ConEmu\Scripts;C:\Users\GEMMA\Desktop\Cmder folders\vendor\conemu-maximus5;C:\Users\GEMMA\Desktop\Cmder folders\vendor\conemu-maximus5\ConEmu;C:\ProgramData\Oracle\Java\javapath;C:\Program Files (x86)\Lenovo\FusionEngine;C:\Program Files (x86)\Intel\iCLS Client\;C:\Program Files\Intel\iCLS Client\;C:\WINDOWS\system32;C:\WINDOWS;C:\WINDOWS\System32\Wbem;C:\WINDOWS\System32\WindowsPowerShell\v1.0\;C:\Program Files (x86)\ATI Technologies\ATI.ACE\Core-Static;C:\Program Files\Intel\Intel(R) Management Engine Components\DAL;C:\Program Files (x86)\Intel\Intel(R) Management Engine Components\DAL;C:\Program Files\Intel\Intel(R) Management Engine Components\IPT;C:\Program Files (x86)\Intel\Intel(R) Management Engine Components\IPT;C:\Program Files\Intel\WiFi\bin\;C:\Program Files\Common Files\Intel\WirelessCommon\;C:\WINDOWS\system32\config\systemprofile\.dnx\bin;C:\Program Files\Microsoft DNX\Dnvm\;C:\Program Files (x86)\Windows Live\Shared;C:\Users\GEMMA\ProgramasBootcamp\;C:\Program Files\MongoDB\Server\3.4\bin;C:\Program Files\Git\cmd;C:\Ruby24-x64\bin;C:\Users\GEMMA\AppData\Local\Microsoft\WindowsApps;C:\Users\GEMMA\AppData\Roaming\npm;C:\Program Files\Microsoft VS Code\bin;C:\Program Files\Heroku\bin;C:\Program Files\Git\usr\bin;C:\Program Files\Git\usr\share\vim\vim74;C:\Users\GEMMA\Desktop\Cmder folders\
10 verbose lifecycle app@1.0.0~start: CWD: C:\Users\GEMMA\Desktop\SocialBeats\server\app
11 silly lifecycle app@1.0.0~start: Args: [ '/d /s /c', 'node .' ]
12 verbose stack Error: kill ENOSYS
12 verbose stack     at Object.exports._errnoException (util.js:1020:11)
12 verbose stack     at process.kill (internal/process.js:191:18)
12 verbose stack     at process.listener (C:\Users\GEMMA\ProgramasBootcamp\node_modules\npm\node_modules\npmlog\node_modules\gauge\node_modules\signal-exit\index.js:86:15)
12 verbose stack     at emitNone (events.js:91:20)
12 verbose stack     at process.emit (events.js:185:7)
12 verbose stack     at processEmit (C:\Users\GEMMA\ProgramasBootcamp\node_modules\npm\node_modules\npmlog\node_modules\gauge\node_modules\signal-exit\index.js:146:32)
12 verbose stack     at processEmit (C:\Users\GEMMA\ProgramasBootcamp\node_modules\npm\node_modules\npm-registry-client\node_modules\npmlog\node_modules\gauge\node_modules\signal-exit\index.js:146:32)
12 verbose stack     at Signal.wrap.onsignal (internal/process.js:217:44)
13 verbose cwd C:\Users\GEMMA\Desktop\SocialBeats\server\app
14 error Windows_NT 10.0.15063
15 error argv "C:\\Users\\GEMMA\\ProgramasBootcamp\\node.exe" "C:\\Users\\GEMMA\\ProgramasBootcamp\\node_modules\\npm\\bin\\npm-cli.js" "start"
16 error node v6.11.4
17 error npm  v3.10.10
18 error code ENOSYS
19 error errno ENOSYS
20 error syscall kill
21 error kill ENOSYS
22 error If you need help, you may report this error at:
22 error     <https://github.com/npm/npm/issues>
23 verbose exit [ 1, true ]
